do run
loading script "jan_unknown120_60.py"
loading script "jan_pump_ms.py"
loading script "jan_cocktail_x1.py"
loading script "jan_pump_extraction_line.py"
testing...
no interpolation path defined
executed snippet estimated_duration=213.652928, duration=0.000187158584595
script duration name:unknown120_60 seconds:214.0
loading script "jan_unknown120_60.py"
loading script "jan_pump_ms.py"
loading script "jan_cocktail_x1.py"
loading script "jan_pump_extraction_line.py"
testing...
no interpolation path defined
executed snippet estimated_duration=0, duration=2.00271606445e-05
loading script "jan_unknown120_60.py"
loading script "jan_pump_ms.py"
loading script "jan_cocktail_x1.py"
loading script "jan_pump_extraction_line.py"
testing...
no interpolation path defined
calculate duration
testing...
no interpolation path defined
executed snippet estimated_duration=0, duration=4.00543212891e-05
calculate duration
testing...
no interpolation path defined
executed snippet estimated_duration=0, duration=7.5101852417e-05
calculate duration
testing...
no interpolation path defined
executed snippet estimated_duration=32.0, duration=7.20024108887e-05
calculate duration
testing...
no interpolation path defined
executed snippet estimated_duration=34.0, duration=7.10487365723e-05
calculate duration
testing...
no interpolation path defined
executed snippet estimated_duration=4.0, duration=4.60147857666e-05
calculate duration
testing...
no interpolation path defined
executed snippet estimated_duration=38.0, duration=7.00950622559e-05
executed snippet estimated_duration=108.0, duration=0.00463199615479
script duration name:cocktail_x1 seconds:108.0
loading script "jan_unknown120_60.py"
loading script "jan_pump_ms.py"
loading script "jan_cocktail_x1.py"
loading script "jan_pump_extraction_line.py"
testing...
no interpolation path defined
calculate duration
testing...
no interpolation path defined
executed snippet estimated_duration=4.0, duration=0.000113010406494
executed snippet estimated_duration=4.0, duration=0.000833034515381
Script duration 322.0
Run total estimated duration= 323.000
run duration: 0:05:23
doing event level: 2
13:51:31 -- Setting default integration. t=1.048576
setting integration time = 1.048576
SetIntegrationTime 1.048576 ===>> OK
----------------- start -----------------
**************** Experiment Type: Ar/Ar, Ar/Ar
create new session 4993126576
close session 4993126576
$$$$$ Clearing conditionals
adding conditionals 
Add queue conditionals
add default conditionals
adding default conditionals from /Users/jan/PychronDev/setupfiles/spectrometer/default_conditionals.yaml
Start automated run c-02-J-1604
loading script "jan_unknown120_60.py"
loading script "jan_pump_ms.py"
loading script "jan_cocktail_x1.py"
loading script "jan_pump_extraction_line.py"
%%%%%%%%%%%%%%%%%% setting automated run c-02-J-1604
No value "sensitivity_multiplier" in metadata
$$$$$$$$$$$$$$$ auto_save_detector_ic=False
============================= Pre Extraction Check =============================
loading queue conditionals pre_run_terminations
loading system conditionals pre_run_terminations
loading conditionals from /Users/jan/PychronDev/setupfiles/spectrometer/default_conditionals.yaml
13:51:31 -- ******* Pre Extraction Check *******
Get a measurement from the spectrometer
Pre Extraction Termination data. keys=H2,H1,AX,L1,L2,CDD, signals=-0.06820,0.21194,-0.11962,-0.02050,0.01946,0.00241
13:51:31 -- testing system defined conditionals
Checking default pre extraction terminations n=2
testing CDD
evaluate ot="CDD.inactive" t="CDD", ctx="{'CDD': False}"
GetDeflection CDD ===>> 50
testing CDD==2000
evaluate ot="CDD.deflection==2000" t="CDD==2000", ctx="{'CDD': 50.0}"
13:51:31 -- ******* Pre Extraction Check Passed *******
=================================================================================
13:51:31 -- stopping status monitor
stop 4969630992
Status monitor stopped
Status monitor finished
13:51:33 -- starting status monitor
start 4969630992
StatusMonitor period=1. Frequencies(state=2, checksum=3, lock=5, owner=5)
start extraction
do extraction
Analysis started at 13:51:34.619662
Extraction Started jan_cocktail_x1.py
13:51:34 -- ******* Extraction Started jan_cocktail_x1.py *******
state changed from not run to extraction
DO EXTRACTION <pychron.extraction_line.pyscript_runner.RemotePyScriptRunner object at 0x12b7e8710>
testing...
no interpolation path defined
calculate duration
testing...
no interpolation path defined
executed snippet estimated_duration=0, duration=4.6968460083e-05
calculate duration
testing...
no interpolation path defined
executed snippet estimated_duration=0, duration=9.29832458496e-05
calculate duration
testing...
no interpolation path defined
executed snippet estimated_duration=32.0, duration=7.10487365723e-05
calculate duration
testing...
no interpolation path defined
executed snippet estimated_duration=34.0, duration=7.20024108887e-05
calculate duration
testing...
no interpolation path defined
executed snippet estimated_duration=4.0, duration=4.6968460083e-05
calculate duration
testing...
no interpolation path defined
executed snippet estimated_duration=38.0, duration=6.98566436768e-05
executed snippet estimated_duration=108.0, duration=0.00563478469849
Jan Cocktail Pipette x1
doing GOSUB
testing...
no interpolation path defined
executed snippet estimated_duration=0, duration=3.79085540771e-05
Waiting for minibone access
wait ('FelixMiniboneFlag', 0) {}
waiting for FelixMiniboneFlag = 0
Read FelixMiniboneFlag ===>> 0
finished waiting
Minibone free
acquire ('JanMiniboneFlag',) {'clear': True}
acquire JanMiniboneFlag
Set JanMiniboneFlag 1 ===>> OK
JanMiniboneFlag acquired
set extraction state False (0.75, 'red', 1.5)
Minibone acquired
wait ('MinibonePumpTimeFlag', 0) {}
waiting for MinibonePumpTimeFlag = 0
Read MinibonePumpTimeFlag ===>> 0
finished waiting
executed snippet estimated_duration=0, duration=0.0170738697052
WaitForMiniboneAccess.py completed successfully
gosub finished
doing GOSUB
testing...
no interpolation path defined
executed snippet estimated_duration=0, duration=0.000115871429443
Prepare for Air Shot
close () {'description': 'Jan Inlet'}
close name=--- desc=Jan Inlet
checking ownership. requestor=129.138.12.150
check software interlocks R
interlocks []
actuate state mode=None-script, software_lock=False
doing actuation None-script close_channel False
Close R ===>> OK
GetIndicatorState R ===>> False
change switch state (True, True)
update switch state R False args=() kw={} ncanvase=2
13:51:35 -- CLOSE  VALVE-R (Jan Inlet)
-------------------------- close None (Jan Inlet) result=[(True, True)]
action=close, ok=True, locked=[False]
open () {'description': 'Jan Ion Pump'}
open name=--- desc=Jan Ion Pump
checking ownership. requestor=129.138.12.150
check software interlocks O
interlocks []
actuate state mode=None-script, software_lock=False
doing actuation None-script open_channel False
Open O ===>> OK
GetIndicatorState O ===>> OK
change switch state (True, True)
update switch state O True args=() kw={} ncanvase=2
13:51:35 -- OPEN   VALVE-O (Jan Ion Pump)
-------------------------- open None (Jan Ion Pump) result=[(True, True)]
action=open, ok=True, locked=[False]
close () {'description': 'Minibone to Bone'}
close name=--- desc=Minibone to Bone
checking ownership. requestor=129.138.12.150
check software interlocks I
interlocks []
actuate state mode=None-script, software_lock=False
doing actuation None-script close_channel True
Close I ===>> OK
GetIndicatorState I ===>> False
change switch state (True, True)
update switch state I False args=() kw={} ncanvase=2
13:51:36 -- CLOSE  VALVE-I (Minibone to Bone)
-------------------------- close None (Minibone to Bone) result=[(True, True)]
action=close, ok=True, locked=[False]
close () {'description': 'Bone to Minibone'}
close name=--- desc=Bone to Minibone
checking ownership. requestor=129.138.12.150
check software interlocks E
interlocks []
actuate state mode=None-script, software_lock=False
doing actuation None-script close_channel False
Close E ===>> OK
GetIndicatorState E ===>> False
change switch state (True, True)
update switch state E False args=() kw={} ncanvase=2
13:51:36 -- CLOSE  VALVE-E (Bone to Minibone)
-------------------------- close None (Bone to Minibone) result=[(True, True)]
action=close, ok=True, locked=[False]
close () {'description': 'Minibone to Turbo'}
close name=--- desc=Minibone to Turbo
checking ownership. requestor=129.138.12.150
check software interlocks P
interlocks []
actuate state mode=None-script, software_lock=False
doing actuation None-script close_channel True
Close P ===>> OK
GetIndicatorState P ===>> False
change switch state (True, True)
update switch state P False args=() kw={} ncanvase=2
13:51:37 -- CLOSE  VALVE-P (Minibone to Turbo)
-------------------------- close None (Minibone to Turbo) result=[(True, True)]
action=close, ok=True, locked=[False]
close () {'description': 'Quad Inlet'}
close name=--- desc=Quad Inlet
checking ownership. requestor=129.138.12.150
check software interlocks Q
interlocks []
actuate state mode=None-script, software_lock=False
doing actuation None-script close_channel True
Close Q ===>> OK
GetIndicatorState Q ===>> False
change switch state (True, True)
update switch state Q False args=() kw={} ncanvase=2
13:51:37 -- CLOSE  VALVE-Q (Quad Inlet)
-------------------------- close None (Quad Inlet) result=[(True, True)]
action=close, ok=True, locked=[False]
open () {'description': 'Microbone to Turbo'}
open name=--- desc=Microbone to Turbo
checking ownership. requestor=129.138.12.150
check software interlocks U
interlocks []
actuate state mode=None-script, software_lock=False
doing actuation None-script open_channel False
Open U ===>> OK
GetIndicatorState U ===>> OK
change switch state (True, True)
update switch state U True args=() kw={} ncanvase=2
13:51:37 -- OPEN   VALVE-U (Microbone to Turbo)
-------------------------- open None (Microbone to Turbo) result=[(True, True)]
action=open, ok=True, locked=[False]
open () {'description': 'Microbone to Inlet Pipette'}
open name=--- desc=Microbone to Inlet Pipette
checking ownership. requestor=129.138.12.150
check software interlocks S
interlocks []
actuate state mode=None-script, software_lock=False
doing actuation None-script open_channel False
Open S ===>> OK
GetIndicatorState S ===>> OK
change switch state (True, True)
update switch state S True args=() kw={} ncanvase=2
13:51:38 -- OPEN   VALVE-S (Microbone to Inlet Pipette)
-------------------------- open None (Microbone to Inlet Pipette) result=[(True, True)]
action=open, ok=True, locked=[False]
open () {'description': 'Microbone to Getter D-50'}
open name=--- desc=Microbone to Getter D-50
checking ownership. requestor=129.138.12.150
check software interlocks K
interlocks []
actuate state mode=None-script, software_lock=False
doing actuation None-script open_channel False
Open K ===>> OK
GetIndicatorState K ===>> OK
change switch state (True, True)
update switch state K True args=() kw={} ncanvase=2
13:51:39 -- OPEN   VALVE-K (Microbone to Getter D-50)
-------------------------- open None (Microbone to Getter D-50) result=[(True, True)]
action=open, ok=True, locked=[False]
open () {'description': 'Microbone to Getter NP-10'}
open name=--- desc=Microbone to Getter NP-10
checking ownership. requestor=129.138.12.150
check software interlocks M
interlocks []
actuate state mode=None-script, software_lock=False
doing actuation None-script open_channel False
Open M ===>> OK
GetIndicatorState M ===>> OK
change switch state (True, True)
update switch state M True args=() kw={} ncanvase=2
13:51:39 -- OPEN   VALVE-M (Microbone to Getter NP-10)
-------------------------- open None (Microbone to Getter NP-10) result=[(True, True)]
action=open, ok=True, locked=[False]
close () {'description': 'Microbone to CO2 Laser'}
close name=--- desc=Microbone to CO2 Laser
checking ownership. requestor=129.138.12.150
check software interlocks T
interlocks []
actuate state mode=None-script, software_lock=False
doing actuation None-script close_channel True
Close T ===>> OK
GetIndicatorState T ===>> False
change switch state (True, True)
update switch state T False args=() kw={} ncanvase=2
13:51:40 -- CLOSE  VALVE-T (Microbone to CO2 Laser)
-------------------------- close None (Microbone to CO2 Laser) result=[(True, True)]
action=close, ok=True, locked=[False]
executed snippet estimated_duration=0, duration=5.85351014137
PrepareForAirShot.py completed successfully
gosub finished
doing GOSUB
testing...
no interpolation path defined
executed snippet estimated_duration=32.0, duration=8.39233398438e-05
Evacuate Pipette 1
open () {'description': 'Microbone to Turbo'}
open name=--- desc=Microbone to Turbo
checking ownership. requestor=129.138.12.150
check software interlocks U
interlocks []
actuate state mode=None-script, software_lock=False
doing actuation None-script open_channel False
Open U ===>> OK
GetIndicatorState U ===>> OK
change switch state (True, True)
update switch state U True args=() kw={} ncanvase=2
13:51:40 -- OPEN   VALVE-U (Microbone to Turbo)
-------------------------- open None (Microbone to Turbo) result=[(True, True)]
action=open, ok=True, locked=[False]
open () {'description': 'Microbone to Minibone'}
open name=--- desc=Microbone to Minibone
checking ownership. requestor=129.138.12.150
check software interlocks L
interlocks []
actuate state mode=None-script, software_lock=False
doing actuation None-script open_channel True
Open L ===>> OK
GetIndicatorState L ===>> OK
change switch state (True, True)
update switch state L True args=() kw={} ncanvase=2
13:51:41 -- OPEN   VALVE-L (Microbone to Minibone)
-------------------------- open None (Microbone to Minibone) result=[(True, True)]
action=open, ok=True, locked=[False]
close () {'description': 'Inner Pipette 1'}
close name=--- desc=Inner Pipette 1
checking ownership. requestor=129.138.12.150
check software interlocks X
interlocks ['W']
actuate state mode=None-script, software_lock=False
doing actuation None-script close_channel False
Close X ===>> OK
GetIndicatorState X ===>> False
change switch state (True, True)
update switch state X False args=() kw={} ncanvase=2
13:51:41 -- CLOSE  VALVE-X (Inner Pipette 1)
-------------------------- close None (Inner Pipette 1) result=[(True, True)]
action=close, ok=True, locked=[False]
sleep (1,) {}
SLEEP 1.0
open () {'description': 'Outer Pipette 1'}
open name=--- desc=Outer Pipette 1
checking ownership. requestor=129.138.12.150
check software interlocks W
interlocks ['X']
actuate state mode=None-script, software_lock=False
doing actuation None-script open_channel True
Open W ===>> OK
GetIndicatorState W ===>> OK
change switch state (True, True)
update switch state W True args=() kw={} ncanvase=2
13:51:43 -- OPEN   VALVE-W (Outer Pipette 1)
-------------------------- open None (Outer Pipette 1) result=[(True, True)]
action=open, ok=True, locked=[False]
sleep (15,) {}
SLEEP 15.0
block started
WaitControl setup for 15.0  
State checksums do not match. Local:1265537134 Remote:687794231
State checksum failed
set states for children of O. state=False
handle state [('O', False)]
update switch state O False args=() kw={'refresh': False} ncanvase=2
refresh_canvas_needed fired
set states for children of O. state=True
handle state [('O', True)]
update switch state O True args=() kw={'refresh': False} ncanvase=2
refresh_canvas_needed fired
Join finished
block finished. duration 15.036801815
executed snippet estimated_duration=48.0, duration=17.8840239048
EvacPipette1.py completed successfully
gosub finished
doing GOSUB
testing...
no interpolation path defined
executed snippet estimated_duration=34.0, duration=0.000102996826172
Fill Pipette 1
close () {'description': 'Outer Pipette 1'}
close name=--- desc=Outer Pipette 1
checking ownership. requestor=129.138.12.150
check software interlocks W
interlocks ['X']
actuate state mode=None-script, software_lock=False
doing actuation None-script close_channel True
Close W ===>> OK
GetIndicatorState W ===>> False
change switch state (True, True)
update switch state W False args=() kw={} ncanvase=2
13:51:58 -- CLOSE  VALVE-W (Outer Pipette 1)
-------------------------- close None (Outer Pipette 1) result=[(True, True)]
action=close, ok=True, locked=[False]
sleep (1,) {}
SLEEP 1.0
filling cocktail pipette
open () {'description': 'Inner Pipette 1'}
open name=--- desc=Inner Pipette 1
checking ownership. requestor=129.138.12.150
check software interlocks X
interlocks ['W']
actuate state mode=None-script, software_lock=False
doing actuation None-script open_channel True
Open X ===>> OK
set states for children of X. state=True
handle state [('X', True)]
update switch state X True args=() kw={'refresh': False} ncanvase=2
refresh_canvas_needed fired
GetIndicatorState X ===>> OK
change switch state (True, True)
update switch state X True args=() kw={} ncanvase=2
13:51:59 -- OPEN   VALVE-X (Inner Pipette 1)
-------------------------- open None (Inner Pipette 1) result=[(True, True)]
action=open, ok=True, locked=[False]
sleep (15,) {}
SLEEP 15.0
block started
WaitControl setup for 15.0  
Join finished
block finished. duration 15.0387210846
close () {'description': 'Inner Pipette 1'}
close name=--- desc=Inner Pipette 1
checking ownership. requestor=129.138.12.150
check software interlocks X
interlocks ['W']
actuate state mode=None-script, software_lock=False
doing actuation None-script close_channel True
Close X ===>> OK
GetIndicatorState X ===>> False
change switch state (True, True)
update switch state X False args=() kw={} ncanvase=2
13:52:15 -- CLOSE  VALVE-X (Inner Pipette 1)
-------------------------- close None (Inner Pipette 1) result=[(True, True)]
action=close, ok=True, locked=[False]
sleep (1,) {}
SLEEP 1.0
executed snippet estimated_duration=51.0, duration=18.2076311111
FillPipette1.py completed successfully
gosub finished
doing GOSUB
testing...
no interpolation path defined
executed snippet estimated_duration=4.0, duration=8.01086425781e-05
Prepare for air expansion
close () {'description': 'Microbone to Turbo'}
close name=--- desc=Microbone to Turbo
checking ownership. requestor=129.138.12.150
check software interlocks U
interlocks []
actuate state mode=None-script, software_lock=False
doing actuation None-script close_channel True
Close U ===>> OK
GetIndicatorState U ===>> False
change switch state (True, True)
update switch state U False args=() kw={} ncanvase=2
13:52:16 -- CLOSE  VALVE-U (Microbone to Turbo)
-------------------------- close None (Microbone to Turbo) result=[(True, True)]
action=close, ok=True, locked=[False]
open () {'description': 'Microbone to Getter NP-10'}
open name=--- desc=Microbone to Getter NP-10
checking ownership. requestor=129.138.12.150
check software interlocks M
interlocks []
actuate state mode=None-script, software_lock=False
doing actuation None-script open_channel False
Open M ===>> OK
GetIndicatorState M ===>> OK
change switch state (True, True)
update switch state M True args=() kw={} ncanvase=2
13:52:17 -- OPEN   VALVE-M (Microbone to Getter NP-10)
-------------------------- open None (Microbone to Getter NP-10) result=[(True, True)]
action=open, ok=True, locked=[False]
sleep (2,) {}
SLEEP 2.0
block started
WaitControl setup for 2.0  
Join finished
block finished. duration 2.0039460659
open () {'description': 'Microbone to Minibone'}
open name=--- desc=Microbone to Minibone
checking ownership. requestor=129.138.12.150
check software interlocks L
interlocks []
actuate state mode=None-script, software_lock=False
doing actuation None-script open_channel False
Open L ===>> OK
GetIndicatorState L ===>> OK
change switch state (True, True)
update switch state L True args=() kw={} ncanvase=2
13:52:19 -- OPEN   VALVE-L (Microbone to Minibone)
-------------------------- open None (Microbone to Minibone) result=[(True, True)]
action=open, ok=True, locked=[False]
executed snippet estimated_duration=6.0, duration=3.48693394661
PrepareForAirShotExpansion.py completed successfully
gosub finished
doing GOSUB
testing...
no interpolation path defined
executed snippet estimated_duration=38.0, duration=0.000119924545288
Expand Pipette 1
close () {'description': 'Minibone to Turbo'}
close name=--- desc=Minibone to Turbo
checking ownership. requestor=129.138.12.150
check software interlocks P
interlocks []
actuate state mode=None-script, software_lock=False
doing actuation None-script close_channel False
Close P ===>> OK
GetIndicatorState P ===>> False
change switch state (True, True)
update switch state P False args=() kw={} ncanvase=2
13:52:20 -- CLOSE  VALVE-P (Minibone to Turbo)
-------------------------- close None (Minibone to Turbo) result=[(True, True)]
action=close, ok=True, locked=[False]
sleep (2,) {}
SLEEP 2.0
block started
WaitControl setup for 2.0  
Join finished
block finished. duration 2.01052498817
open () {'description': 'Outer Pipette 1'}
open name=--- desc=Outer Pipette 1
checking ownership. requestor=129.138.12.150
check software interlocks W
interlocks ['X']
actuate state mode=None-script, software_lock=False
doing actuation None-script open_channel True
Open W ===>> OK
GetIndicatorState W ===>> OK
increment shot count 2076
saved current shot count 2076
change switch state (True, True)
update switch state W True args=() kw={} ncanvase=2
13:52:22 -- OPEN   VALVE-W (Outer Pipette 1)
-------------------------- open None (Outer Pipette 1) result=[(True, True)]
action=open, ok=True, locked=[False]
sleep (15,) {}
SLEEP 15.0
block started
WaitControl setup for 15.0  
Join finished
block finished. duration 15.0316410065
close () {'description': 'Microbone to Minibone'}
close name=--- desc=Microbone to Minibone
checking ownership. requestor=129.138.12.150
check software interlocks L
interlocks []
actuate state mode=None-script, software_lock=False
doing actuation None-script close_channel True
Close L ===>> OK
set states for children of L. state=False
handle state [('L', False)]
update switch state L False args=() kw={'refresh': False} ncanvase=2
refresh_canvas_needed fired
GetIndicatorState L ===>> False
change switch state (True, True)
update switch state L False args=() kw={} ncanvase=2
13:52:38 -- CLOSE  VALVE-L (Microbone to Minibone)
-------------------------- close None (Microbone to Minibone) result=[(True, True)]
action=close, ok=True, locked=[False]
sleep (2,) {}
SLEEP 2.0
block started
WaitControl setup for 2.0  
Join finished
block finished. duration 2.01415300369
executed snippet estimated_duration=57.0, duration=20.5849070549
ExpandPipette1.py completed successfully
gosub finished
executed snippet estimated_duration=108.0, duration=66.0547330379
jan_cocktail_x1.py completed successfully
GetAchievedOutput ===>> No Response
Requested Output= 0.000
Achieved Output=  0.000
GetResponseBlob ===>> No Response
GetOutputBlob ===>> No Response
persistence save...
persistence save - db
AutomatedRunPersister post_extraction_save deprecated
persistence save - dvc
no extraction position for 
Extraction Finished
13:52:40 -- ******* Extraction Finished *******
no overlap. not waiting for min ms pumptime
13:52:40 -- Sending spectrometer configuration
======== Sending configuration ========
SetDeflection CDD,50.0 ===>> OK
SetDeflection H2,0.0 ===>> OK
SetDeflection H1,0.0 ===>> OK
SetDeflection L2,825.0 ===>> OK
SetDeflection L1,400.0 ===>> OK
SetDeflection AX,190.0 ===>> OK
SetZFocus 74.64 ===>> OK
SetZSymmetry -50.72 ===>> OK
SetExtractionLens 26.13 ===>> OK
SetIonRepeller -3.81 ===>> OK
SetElectronEnergy 75.08 ===>> OK
SetYSymmetry -2.81 ===>> OK
SetIonCounterVoltage 1590.0 ===>> OK
send trap current 200.0
GetParameter Trap Current Readback ===>> 197.811389855338
SetParameter Trap Current Set,200.0 ===>> OK
updating mftable name mftable
Using mftable located at /Users/jan/PychronDev/setupfiles/spectrometer/mftables/mftable.csv
============ MFtable ===========
Isotope  H2     H1     AX     L1     L2     CDD    
Ar40     5.8264 5.8796 5.9935 6.1663 6.2319 6.3945
Ar39     5.7256 5.7719 5.8860 6.0524 6.1170 6.2810
Ar36     5.4032 5.4409 5.5493 5.7112 5.7720 5.9321
================================
get initial guess parabolic
get initial guess parabolic
get initial guess parabolic
get initial guess parabolic
get initial guess parabolic
get initial guess parabolic
======== Configuration Finished ========
GetYSymmetry ===>> -2.81
GetZSymmetry ===>> -50.72
GetParameter Trap Current Readback ===>> 198.147042666178
GetHighVoltage ===>> 4500
start measurement
do measurement
L#=c-02-J analysis type=cocktail
Measurement Started jan_unknown120_60.py
13:52:40 -- ******* Measurement Started jan_unknown120_60.py *******
state changed from extraction to measurement
setting spec, defl, and gains
GetExtractionLens ===>> 26.13
GetYSymmetry ===>> -2.81
GetZSymmetry ===>> -50.72
GetZFocus ===>> 74.64
GetDeflection H2 ===>> 0
GetDeflection H1 ===>> 0
GetDeflection AX ===>> 190
GetDeflection L1 ===>> 400
GetDeflection L2 ===>> 825
GetDeflection CDD ===>> 50
GetGain H2 ===>> 0.0113
GetGain H1 ===>> 0.1
GetGain AX ===>> 0.09675
GetGain L1 ===>> 0.010355
GetGain L2 ===>> 0.095649
GetGain CDD ===>> 0
pre measurement save
New frame /Users/jan/PychronDev/data/isotopes/0c/1a04e7-c956-4751-bf0f-b8e82232cd88.h5
flush and close file /Users/jan/PychronDev/data/isotopes/0c/1a04e7-c956-4751-bf0f-b8e82232cd88.h5
testing...
no interpolation path defined
executed snippet estimated_duration=224.052928, duration=0.000113964080811
unknown measurement script
activate_detectors ('H2', 'H1', 'AX', 'L1', 'L2', 'CDD') {}
activate detectors
*************** Set Analysis View Ar/Ar
 - No isotope= "Ar40". Required for age calculation
 - failed assembling isotopes
 - ca37 is zero. can't calculated k/ca
 - cl38 is zero. can't calculated k/cl
create graphs
clearing graphs
clear isotope group
setting isotope det=H2, iso=PM41
setting isotope det=H1, iso=Ar40
setting isotope det=AX, iso=Ar39
setting isotope det=L1, iso=Ar38
setting isotope det=L2, iso=Ar37
setting isotope det=CDD, iso=Ar36
setting previous blanks
 - setting Ar40 blank 0.168+/-0.006
 - setting Ar36 blank 0.00349+/-0.00016
 - setting Ar37 blank 0.053+/-0.005
 - setting Ar38 blank 0.0087+/-0.0022
 - setting PM41 blank 0.01+/-0.07
 - setting Ar39 blank 0.025+/-0.008
load analysis view
position_magnet ('Ar40',) {'detector': 'H1'}
detector Detector(H1)
POSITION Ar40 H1
setting detector H2 to PM41 (40.9624)
setting detector H1 to Ar40 (39.9624)
setting detector AX to Ar39 (38.9624)
setting detector L1 to Ar38 (37.9624)
setting detector L2 to Ar37 (36.9624)
setting detector CDD to Ar36 (35.9624)
Mapping mass to dac mass func: "parabolic"
H1 map mass coeffs = [-0.00063987  0.15840543  0.57125999]
H1 map mass to dac 39.9624 >> 5.87965
GetDeflection H1 ===>> 0
GetHighVoltage ===>> 4500
positioning Ar40 (5.87965) on H1
setting magnet DAC
current  : 5.879650
requested: 5.879650
Delta Dac: 0.000000
Checking detector protection. dv=0.00000
Checking detector "CDD". Protection Threshold: 0.8 (V)
SetMagnetDAC 5.87965 ===>> OK
set_dac. change=False
equilibrate () {'delay': 3, 'inlet': 'R', 'outlet': 'O', 'eqtime': 10.0}
Equilibration Started
13:52:41 -- ******* Equilibration Started *******
checking ownership. requestor=129.138.12.150
check software interlocks O
interlocks []
actuate state mode=None-script, software_lock=False
doing actuation None-script close_channel True
Close O ===>> OK
update labels <pychron.experiment.plot_panel.PlotPanel object at 0x11844c650>
update labels "<pychron.graph.stacked_regression_graph.StackedRegressionGraph object at 0x137238830>"
setting label 0 H2 PM41
setting label 1 H1 Ar40
setting label 2 AX Ar39
setting label 3 L1 Ar38
setting label 4 L2 Ar37
setting label 5 CDD Ar36
update labels "<pychron.graph.stacked_graph.StackedGraph object at 0x13739d3b0>"
setting label 0 H2 PM41
setting label 1 H1 Ar40
setting label 2 AX Ar39
setting label 3 L1 Ar38
setting label 4 L2 Ar37
setting label 5 CDD Ar36
GetIndicatorState O ===>> False
change switch state (True, True)
update switch state O False args=() kw={} ncanvase=2
13:52:41 -- CLOSE  VALVE-O (Jan Ion Pump)
waiting 3s before opening inlet value ('R',)
checking ownership. requestor=129.138.12.150
check software interlocks R
interlocks []
actuate state mode=None-script, software_lock=False
doing actuation None-script open_channel True
Open R ===>> OK
GetIndicatorState R ===>> OK
change switch state (True, True)
update switch state R True args=() kw={} ncanvase=2
13:52:45 -- OPEN   VALVE-R (Jan Inlet)
set_time_zero () {}
equilibrating for 10.0sec
sniff (10.0,) {}
py_sniff
build tables- sniff [Detector(H2), Detector(H1), Detector(AX), Detector(L1), Detector(L2), Detector(CDD)]
add group /sniff/PM41 (Group) '' table H2
add group /sniff/Ar40 (Group) '' table H1
add group /sniff/Ar39 (Group) '' table AX
add group /sniff/Ar38 (Group) '' table L1
add group /sniff/Ar37 (Group) '' table L2
add group /sniff/Ar36 (Group) '' table CDD
flush and close file /Users/jan/PychronDev/data/isotopes/0c/1a04e7-c956-4751-bf0f-b8e82232cd88.h5
measuring sniff. ncounts=10.0
"sniff" increment series count="1" fit count="0" regressing="False"
starting measurement
Equilibration Finished
13:52:55 -- ******* Equilibration Finished *******
checking ownership. requestor=129.138.12.150
check software interlocks R
interlocks []
actuate state mode=None-script, software_lock=False
doing actuation None-script close_channel True
Close R ===>> OK
GetIndicatorState R ===>> False
change switch state (True, True)
update switch state R False args=() kw={} ncanvase=2
13:52:55 -- CLOSE  VALVE-R (Jan Inlet)
Post Equilibration Started jan_pump_extraction_line.py
13:52:55 -- ******* Post Equilibration Started jan_pump_extraction_line.py *******
testing...
no interpolation path defined
calculate duration
testing...
no interpolation path defined
executed snippet estimated_duration=4.0, duration=0.000192880630493
executed snippet estimated_duration=4.0, duration=0.0101540088654
Pump after analysis
doing GOSUB
testing...
no interpolation path defined
executed snippet estimated_duration=4.0, duration=0.0001220703125
Pump Microbone
close () {'description': 'Jan Inlet'}
close name=--- desc=Jan Inlet
checking ownership. requestor=129.138.12.150
check software interlocks R
interlocks []
actuate state mode=None-script, software_lock=False
doing actuation None-script close_channel False
Close R ===>> OK
GetIndicatorState R ===>> False
change switch state (True, True)
update switch state R False args=() kw={} ncanvase=2
13:52:56 -- CLOSE  VALVE-R (Jan Inlet)
-------------------------- close None (Jan Inlet) result=[(True, True)]
waiting for write to finish
measurement finished
estimated time: 10.486 actual time: :10.559
flush and close file /Users/jan/PychronDev/data/isotopes/0c/1a04e7-c956-4751-bf0f-b8e82232cd88.h5
set_fits () {}
using default fits file=/Users/jan/PychronDev/scripts/measurement/fits/nominal_linear.yaml
set "Ar40" to "('Linear', 'SEM')"
No fit for "PM41". defaulting to linear. check the measurement script "jan_unknown120_60.py"
set "PM41" to "linear"
set "Ar36" to "('Linear', 'SEM')"
set "Ar37" to "('linear', 'SEM')"
set "Ar38" to "('linear', 'SEM')"
set "Ar39" to "('Linear', 'SEM')"
set_baseline_fits () {}
using default fits file=/Users/jan/PychronDev/scripts/measurement/fits/nominal_linear.yaml
set "H1" to "('average', 'SEM')"
set "H2" to "('average', 'SEM')"
set "CDD" to "('average', 'SEM')"
set "L2" to "('average', 'SEM')"
set "L1" to "('average', 'SEM')"
set "AX" to "('average', 'SEM')"
multicollect () {'integration_time': 1, 'ncounts': 120}
build tables- signal [Detector(H2), Detector(H1), Detector(AX), Detector(L1), Detector(L2), Detector(CDD)]
add group /signal/PM41 (Group) '' table H2
add group /signal/Ar40 (Group) '' table H1
add group /signal/Ar39 (Group) '' table AX
add group /signal/Ar38 (Group) '' table L1
add group /signal/Ar37 (Group) '' table L2
add group /signal/Ar36 (Group) '' table CDD
flush and close file /Users/jan/PychronDev/data/isotopes/0c/1a04e7-c956-4751-bf0f-b8e82232cd88.h5
measuring signal. ncounts=120
"signal" increment series count="2" fit count="1" regressing="True"
action=close, ok=True, locked=[False]
is_closed ('F',) {}
is F () closed?
is closed True
open () {'description': 'CO2 Laser to Jan'}
open name=--- desc=CO2 Laser to Jan
checking ownership. requestor=129.138.12.150
check software interlocks A
interlocks []
actuate state mode=None-script, software_lock=False
doing actuation None-script open_channel False
Open A ===>> OK
GetIndicatorState A ===>> OK
change switch state (True, True)
update switch state A True args=() kw={} ncanvase=2
13:52:56 -- OPEN   VALVE-A (CO2 Laser to Jan)
-------------------------- open None (CO2 Laser to Jan) result=[(True, True)]
action=open, ok=True, locked=[False]
sleep (1,) {}
SLEEP 1.0
starting measurement
close () {'description': 'CO2 Laser to Roughing'}
close name=--- desc=CO2 Laser to Roughing
checking ownership. requestor=129.138.12.150
check software interlocks G
interlocks []
actuate state mode=None-script, software_lock=True
VALVE-G(CO2 Laser to Roughing) software locked
change switch state (True, False)
-------------------------- close None (CO2 Laser to Roughing) result=[(True, False)]
action=close, ok=True, locked=[True]
open () {'description': 'Microbone to Turbo'}
open name=--- desc=Microbone to Turbo
checking ownership. requestor=129.138.12.150
check software interlocks U
interlocks []
actuate state mode=None-script, software_lock=False
doing actuation None-script open_channel True
Open U ===>> OK
GetIndicatorState U ===>> OK
change switch state (True, True)
update switch state U True args=() kw={} ncanvase=2
13:52:58 -- OPEN   VALVE-U (Microbone to Turbo)
-------------------------- open None (Microbone to Turbo) result=[(True, True)]
action=open, ok=True, locked=[False]
open () {'description': 'Microbone to Getter NP-10'}
open name=--- desc=Microbone to Getter NP-10
checking ownership. requestor=129.138.12.150
check software interlocks M
interlocks []
actuate state mode=None-script, software_lock=False
doing actuation None-script open_channel False
Open M ===>> OK
GetIndicatorState M ===>> OK
change switch state (True, True)
update switch state M True args=() kw={} ncanvase=2
13:52:58 -- OPEN   VALVE-M (Microbone to Getter NP-10)
-------------------------- open None (Microbone to Getter NP-10) result=[(True, True)]
action=open, ok=True, locked=[False]
open () {'description': 'Microbone to Getter D-50'}
open name=--- desc=Microbone to Getter D-50
checking ownership. requestor=129.138.12.150
check software interlocks K
interlocks []
actuate state mode=None-script, software_lock=False
doing actuation None-script open_channel False
Open K ===>> OK
GetIndicatorState K ===>> OK
change switch state (True, True)
update switch state K True args=() kw={} ncanvase=2
13:52:59 -- OPEN   VALVE-K (Microbone to Getter D-50)
-------------------------- open None (Microbone to Getter D-50) result=[(True, True)]
action=open, ok=True, locked=[False]
open () {'description': 'Microbone to CO2 Laser'}
open name=--- desc=Microbone to CO2 Laser
checking ownership. requestor=129.138.12.150
check software interlocks T
interlocks []
actuate state mode=None-script, software_lock=False
doing actuation None-script open_channel True
Open T ===>> OK
GetIndicatorState T ===>> OK
change switch state (True, True)
update switch state T True args=() kw={} ncanvase=2
13:52:59 -- OPEN   VALVE-T (Microbone to CO2 Laser)
-------------------------- open None (Microbone to CO2 Laser) result=[(True, True)]
action=open, ok=True, locked=[False]
open () {'description': 'Microbone to Inlet Pipette'}
open name=--- desc=Microbone to Inlet Pipette
checking ownership. requestor=129.138.12.150
check software interlocks S
interlocks []
actuate state mode=None-script, software_lock=False
doing actuation None-script open_channel False
Open S ===>> OK
GetIndicatorState S ===>> OK
change switch state (True, True)
update switch state S True args=() kw={} ncanvase=2
13:53:00 -- OPEN   VALVE-S (Microbone to Inlet Pipette)
-------------------------- open None (Microbone to Inlet Pipette) result=[(True, True)]
action=open, ok=True, locked=[False]
sleep (1,) {}
SLEEP 1.0
testing H1<-5.0
evaluate ot="H1.bs<-5.0" t="H1<-5.0", ctx="{'H1': 0.14669261383350277}"
set_resource () {'name': 'CO2PumpTimeFlag', 'value': 30}
Set CO2PumpTimeFlag 30 ===>> OK
release ('JanCO2Flag',) {}
release JanCO2Flag
Set JanCO2Flag 0 ===>> OK
executed snippet estimated_duration=6.0, duration=5.93305420876
PumpMicrobone.py completed successfully
gosub finished
get_resource_value () {'name': 'JanMiniboneFlag'}
Read JanMiniboneFlag ===>> 1
Get Resource Value JanMiniboneFlag=1.0
get resource value 1.0
get_resource_value () {'name': 'JanMiniboneFlag'}
Read JanMiniboneFlag ===>> 1
Get Resource Value JanMiniboneFlag=1.0
doing GOSUB
testing...
no interpolation path defined
executed snippet estimated_duration=0, duration=2.98023223877e-05
Entering Pump minibone script
get_resource_value () {'name': 'JanMiniboneFlag'}
Read JanMiniboneFlag ===>> 1
Get Resource Value JanMiniboneFlag=1.0
get resource value 1.0
get_resource_value () {'name': 'JanMiniboneFlag'}
Read JanMiniboneFlag ===>> 1
Get Resource Value JanMiniboneFlag=1.0
Pump minibone
close () {'description': 'Bone to Minibone'}
close name=--- desc=Bone to Minibone
checking ownership. requestor=129.138.12.150
check software interlocks E
interlocks []
actuate state mode=None-script, software_lock=False
doing actuation None-script close_channel False
Close E ===>> OK
GetIndicatorState E ===>> False
change switch state (True, True)
update switch state E False args=() kw={} ncanvase=2
13:53:02 -- CLOSE  VALVE-E (Bone to Minibone)
-------------------------- close None (Bone to Minibone) result=[(True, True)]
action=close, ok=True, locked=[False]
open () {'description': 'Minibone to Bone'}
open name=--- desc=Minibone to Bone
checking ownership. requestor=129.138.12.150
check software interlocks I
interlocks []
actuate state mode=None-script, software_lock=False
doing actuation None-script open_channel True
Open I ===>> OK
set states for children of I. state=True
handle state [('I', True)]
update switch state I True args=() kw={'refresh': False} ncanvase=2
GetIndicatorState I ===>> OK
refresh_canvas_needed fired
change switch state (True, True)
update switch state I True args=() kw={} ncanvase=2
13:53:02 -- OPEN   VALVE-I (Minibone to Bone)
-------------------------- open None (Minibone to Bone) result=[(True, True)]
action=open, ok=True, locked=[False]
close () {'description': 'Microbone to Minibone'}
close name=--- desc=Microbone to Minibone
checking ownership. requestor=129.138.12.150
check software interlocks L
interlocks []
actuate state mode=None-script, software_lock=False
doing actuation None-script close_channel False
Close L ===>> OK
GetIndicatorState L ===>> False
change switch state (True, True)
update switch state L False args=() kw={} ncanvase=2
13:53:03 -- CLOSE  VALVE-L (Microbone to Minibone)
-------------------------- close None (Microbone to Minibone) result=[(True, True)]
action=close, ok=True, locked=[False]
sleep () {'duration': 1.0}
SLEEP 1.0
open () {'description': 'Minibone to Turbo'}
open name=--- desc=Minibone to Turbo
checking ownership. requestor=129.138.12.150
check software interlocks P
interlocks []
actuate state mode=None-script, software_lock=False
doing actuation None-script open_channel True
Open P ===>> OK
set states for children of P. state=True
handle state [('P', True)]
update switch state P True args=() kw={'refresh': False} ncanvase=2
refresh_canvas_needed fired
GetIndicatorState P ===>> OK
change switch state (True, True)
update switch state P True args=() kw={} ncanvase=2
13:53:04 -- OPEN   VALVE-P (Minibone to Turbo)
-------------------------- open None (Minibone to Turbo) result=[(True, True)]
action=open, ok=True, locked=[False]
open () {'description': 'Quad Inlet'}
open name=--- desc=Quad Inlet
checking ownership. requestor=129.138.12.150
check software interlocks Q
interlocks []
actuate state mode=None-script, software_lock=False
doing actuation None-script open_channel True
Open Q ===>> OK
GetIndicatorState Q ===>> OK
change switch state (True, True)
update switch state Q True args=() kw={} ncanvase=2
13:53:05 -- OPEN   VALVE-Q (Quad Inlet)
-------------------------- open None (Quad Inlet) result=[(True, True)]
action=open, ok=True, locked=[False]
set_resource () {'name': 'MinibonePumpTimeFlag', 'value': 30}
Set MinibonePumpTimeFlag 30 ===>> OK
sleep () {'duration': 15.0}
SLEEP 15.0
block started
WaitControl setup for 15.0  
testing H1<-5.0
evaluate ot="H1.bs<-5.0" t="H1<-5.0", ctx="{'H1': 0.14669261383350277}"
testing H1<-5.0
evaluate ot="H1.bs<-5.0" t="H1<-5.0", ctx="{'H1': 0.14669261383350277}"
testing H1<-5.0
evaluate ot="H1.bs<-5.0" t="H1<-5.0", ctx="{'H1': 0.14669261383350277}"
Join finished
block finished. duration 15.0312077999
close () {'description': 'Outer Pipette 1'}
close name=--- desc=Outer Pipette 1
checking ownership. requestor=129.138.12.150
check software interlocks W
interlocks ['X']
actuate state mode=None-script, software_lock=False
doing actuation None-script close_channel True
Close W ===>> OK
GetIndicatorState W ===>> False
change switch state (True, True)
update switch state W False args=() kw={} ncanvase=2
13:53:20 -- CLOSE  VALVE-W (Outer Pipette 1)
-------------------------- close None (Outer Pipette 1) result=[(True, True)]
action=close, ok=True, locked=[False]
close () {'description': 'Outer Pipette 2'}
close name=--- desc=Outer Pipette 2
checking ownership. requestor=129.138.12.150
check software interlocks Y
interlocks ['Z']
actuate state mode=None-script, software_lock=False
doing actuation None-script close_channel False
Close Y ===>> OK
GetIndicatorState Y ===>> False
change switch state (True, True)
update switch state Y False args=() kw={} ncanvase=2
13:53:21 -- CLOSE  VALVE-Y (Outer Pipette 2)
-------------------------- close None (Outer Pipette 2) result=[(True, True)]
action=close, ok=True, locked=[False]
release ('JanMiniboneFlag',) {}
release JanMiniboneFlag
Set JanMiniboneFlag 0 ===>> OK
executed snippet estimated_duration=16.0, duration=19.5362548828
PumpMinibone.py completed successfully
gosub finished
executed snippet estimated_duration=4.0, duration=25.4973268509
jan_pump_extraction_line.py completed successfully
Post Equilibration Finished
13:53:21 -- ******* Post Equilibration Finished *******
testing H1<-5.0
evaluate ot="H1.bs<-5.0" t="H1<-5.0", ctx="{'H1': 0.14669261383350277}"
13:53:22 -- collecting point 25
testing H1<-5.0
evaluate ot="H1.bs<-5.0" t="H1<-5.0", ctx="{'H1': 0.14669261383350277}"
testing H1<-5.0
evaluate ot="H1.bs<-5.0" t="H1<-5.0", ctx="{'H1': 0.14669261383350277}"
testing H1<-5.0
evaluate ot="H1.bs<-5.0" t="H1<-5.0", ctx="{'H1': 0.14669261383350277}"
testing H1<-5.0
evaluate ot="H1.bs<-5.0" t="H1<-5.0", ctx="{'H1': 0.14669261383350277}"
testing H1<-5.0
evaluate ot="H1.bs<-5.0" t="H1<-5.0", ctx="{'H1': 0.14669261383350277}"
13:53:48 -- collecting point 50
testing H1<-5.0
evaluate ot="H1.bs<-5.0" t="H1<-5.0", ctx="{'H1': 0.14669261383350277}"
testing H1<-5.0
evaluate ot="H1.bs<-5.0" t="H1<-5.0", ctx="{'H1': 0.14669261383350277}"
testing H1<-5.0
evaluate ot="H1.bs<-5.0" t="H1<-5.0", ctx="{'H1': 0.14669261383350277}"
testing H1<-5.0
evaluate ot="H1.bs<-5.0" t="H1<-5.0", ctx="{'H1': 0.14669261383350277}"
testing H1<-5.0
evaluate ot="H1.bs<-5.0" t="H1<-5.0", ctx="{'H1': 0.14669261383350277}"
13:54:14 -- collecting point 75
testing H1<-5.0
evaluate ot="H1.bs<-5.0" t="H1<-5.0", ctx="{'H1': 0.14669261383350277}"
testing H1<-5.0
evaluate ot="H1.bs<-5.0" t="H1<-5.0", ctx="{'H1': 0.14669261383350277}"
testing H1<-5.0
evaluate ot="H1.bs<-5.0" t="H1<-5.0", ctx="{'H1': 0.14669261383350277}"
testing H1<-5.0
evaluate ot="H1.bs<-5.0" t="H1<-5.0", ctx="{'H1': 0.14669261383350277}"
testing H1<-5.0
evaluate ot="H1.bs<-5.0" t="H1<-5.0", ctx="{'H1': 0.14669261383350277}"
13:54:40 -- collecting point 100
testing H1<-5.0
evaluate ot="H1.bs<-5.0" t="H1<-5.0", ctx="{'H1': 0.14669261383350277}"
testing H1<-5.0
evaluate ot="H1.bs<-5.0" t="H1<-5.0", ctx="{'H1': 0.14669261383350277}"
testing H1<-5.0
evaluate ot="H1.bs<-5.0" t="H1<-5.0", ctx="{'H1': 0.14669261383350277}"
testing H1<-5.0
evaluate ot="H1.bs<-5.0" t="H1<-5.0", ctx="{'H1': 0.14669261383350277}"
waiting for write to finish
measurement finished
estimated time: 125.829 actual time: :126.082
flush and close file /Users/jan/PychronDev/data/isotopes/0c/1a04e7-c956-4751-bf0f-b8e82232cd88.h5
baselines () {'settling_time': 15.0, 'detector': 'H1', 'mass': 34.2, 'ncounts': 60}
%%%%%%%%%%%%%%%%%%%%%%%%%%%%%%%% Baseline
build tables- baseline [Detector(H2), Detector(H1), Detector(AX), Detector(L1), Detector(L2), Detector(CDD)]
add group baseline table H2
add group baseline table H1
add group baseline table AX
add group baseline table L1
add group baseline table L2
add group baseline table CDD
flush and close file /Users/jan/PychronDev/data/isotopes/0c/1a04e7-c956-4751-bf0f-b8e82232cd88.h5
detector Detector(H1)
POSITION 34.2 H1
Mapping mass to dac mass func: "parabolic"
H1 map mass coeffs = [-0.00063987  0.15840543  0.57125999]
H1 map mass to dac 34.2 >> 5.24030599104
GetDeflection H1 ===>> 0
GetHighVoltage ===>> 4500
positioning 34.2 (5.24030599104) on H1
setting magnet DAC
current  : 5.879650
requested: 5.240306
Delta Dac: 0.639344
Checking detector protection. dv=0.63934
Checking detector "CDD". Protection Threshold: 0.8 (V)
SetMagnetDAC 5.24030599104 ===>> OK
Magnet settling time: 0.500
Magnet settling started None
Magnet settling complete
set_dac. change=True
Delaying 15.0s for detectors to settle
Join finished
measuring baseline. ncounts=60
"baseline" increment series count="2" fit count="1" regressing="True"
starting measurement
testing H1<-5.0
evaluate ot="H1.bs<-5.0" t="H1<-5.0", ctx="{'H1': 0.15267329719234074}"
testing H1<-5.0
evaluate ot="H1.bs<-5.0" t="H1<-5.0", ctx="{'H1': 0.15908354235215166}"
testing H1<-5.0
evaluate ot="H1.bs<-5.0" t="H1<-5.0", ctx="{'H1': 0.14533673849960513}"
testing H1<-5.0
evaluate ot="H1.bs<-5.0" t="H1<-5.0", ctx="{'H1': 0.1501046667884661}"
testing H1<-5.0
evaluate ot="H1.bs<-5.0" t="H1<-5.0", ctx="{'H1': 0.15455319682453808}"
13:55:44 -- collecting point 25
testing H1<-5.0
evaluate ot="H1.bs<-5.0" t="H1<-5.0", ctx="{'H1': 0.15755726550546723}"
testing H1<-5.0
evaluate ot="H1.bs<-5.0" t="H1<-5.0", ctx="{'H1': 0.1603881840033873}"
testing H1<-5.0
evaluate ot="H1.bs<-5.0" t="H1<-5.0", ctx="{'H1': 0.1596111685958256}"
testing H1<-5.0
evaluate ot="H1.bs<-5.0" t="H1<-5.0", ctx="{'H1': 0.157109752544585}"
testing H1<-5.0
evaluate ot="H1.bs<-5.0" t="H1<-5.0", ctx="{'H1': 0.15974636966738573}"
13:56:10 -- collecting point 50
testing H1<-5.0
evaluate ot="H1.bs<-5.0" t="H1<-5.0", ctx="{'H1': 0.15639589389726505}"
testing H1<-5.0
evaluate ot="H1.bs<-5.0" t="H1<-5.0", ctx="{'H1': 0.15664321911905613}"
waiting for write to finish
measurement finished
estimated time: 62.915 actual time: :63.077
flush and close file /Users/jan/PychronDev/data/isotopes/0c/1a04e7-c956-4751-bf0f-b8e82232cd88.h5
activate_detectors ('H1', 'AX', 'CDD') {'peak_center': True}
peak_center () {'detector': 'H1', 'integration_time': 0.262144, 'isotope': 'Ar40'}
peak center: mean=705.526617907 threshold=3
peak center started
setup peak center. detector=['H1', 'AX', 'CDD'], isotope=Ar40
VersionedUnpickler [<apptools.sweet_pickle.versioned_unpickler.VersionedUnpickler object at 0x134017ef0>] using Updater [<apptools.sweet_pickle.updater.Updater object at 0x137380b30>]
VersionedUnpickler [<apptools.sweet_pickle.versioned_unpickler.VersionedUnpickler object at 0x134017ef0>] using Updater [<apptools.sweet_pickle.updater.Updater object at 0x137380b30>]
VersionedUnpickler [<apptools.sweet_pickle.versioned_unpickler.VersionedUnpickler object at 0x1372a4d70>] using Updater [<apptools.sweet_pickle.updater.Updater object at 0x137380b30>]
Mapping mass to dac mass func: "parabolic"
H1 map mass coeffs = [-0.00063987  0.15840543  0.57125999]
H1 map mass to dac 39.9624 >> 5.87965
GetDeflection H1 ===>> 0
GetHighVoltage ===>> 4500
do peak center. <pychron.spectrometer.jobs.peak_center.PeakCenter object at 0x137380ef0>
doing pc
starting peak center. center dac= 5.87965 step_width=0.0015
width = 0.0015
get scan parameters. half-width=0.015,window=0.015, i=0, scalar=1
Scan parameters center=5.87965 width=0.03000 (5.86465 - 5.89465)
Moving to starting dac 5.86465
setting magnet DAC
current  : 5.240306
requested: 5.864650
Delta Dac: 0.624344
Checking detector protection. dv=0.62434
Checking detector "CDD". Protection Threshold: 0.8 (V)
SetMagnetDAC 5.86465 ===>> OK
Magnet settling time: 0.500
Magnet settling started None
Magnet settling complete
set_dac. change=True
Wait until signal near baseline. tol= 0.123315418608. timeout= 10
Peak center failed to move to a baseline position
_do_sweep sm= 5.86465, em= 5.89465, stm= 0.0015
calculated step values: start=5.86465, end=5.89465, width=0.0015, nsteps=21.0
setting magnet DAC
current  : 5.864650
requested: 5.864650
Delta Dac: 0.000000
Checking detector protection. dv=0.00000
Checking detector "CDD". Protection Threshold: 0.8 (V)
SetMagnetDAC 5.86465 ===>> OK
set_dac. change=False
setting magnet DAC
current  : 5.864650
requested: 5.866229
Delta Dac: 0.001579
Checking detector protection. dv=0.00158
Checking detector "CDD". Protection Threshold: 0.8 (V)
SetMagnetDAC 5.86622894737 ===>> OK
Magnet settling time: 2.097
Magnet settling started None
Magnet settling complete
set_dac. change=True
setting magnet DAC
current  : 5.866229
requested: 5.867808
Delta Dac: 0.001579
Checking detector protection. dv=0.00158
Checking detector "CDD". Protection Threshold: 0.8 (V)
SetMagnetDAC 5.86780789474 ===>> OK
Magnet settling time: 2.097
Magnet settling started None
Magnet settling complete
set_dac. change=True
setting magnet DAC
current  : 5.867808
requested: 5.869387
Delta Dac: 0.001579
Checking detector protection. dv=0.00158
Checking detector "CDD". Protection Threshold: 0.8 (V)
SetMagnetDAC 5.86938684211 ===>> OK
Magnet settling time: 2.097
Magnet settling started None
Magnet settling complete
set_dac. change=True
setting magnet DAC
current  : 5.869387
requested: 5.870966
Delta Dac: 0.001579
Checking detector protection. dv=0.00158
Checking detector "CDD". Protection Threshold: 0.8 (V)
SetMagnetDAC 5.87096578947 ===>> OK
Magnet settling time: 2.097
Magnet settling started None
Magnet settling complete
set_dac. change=True
setting magnet DAC
current  : 5.870966
requested: 5.872545
Delta Dac: 0.001579
Checking detector protection. dv=0.00158
Checking detector "CDD". Protection Threshold: 0.8 (V)
SetMagnetDAC 5.87254473684 ===>> OK
Magnet settling time: 2.097
Magnet settling started None
Magnet settling complete
set_dac. change=True
setting magnet DAC
current  : 5.872545
requested: 5.874124
Delta Dac: 0.001579
Checking detector protection. dv=0.00158
Checking detector "CDD". Protection Threshold: 0.8 (V)
SetMagnetDAC 5.87412368421 ===>> OK
Magnet settling time: 2.097
Magnet settling started None
Magnet settling complete
set_dac. change=True
setting magnet DAC
current  : 5.874124
requested: 5.875703
Delta Dac: 0.001579
Checking detector protection. dv=0.00158
Checking detector "CDD". Protection Threshold: 0.8 (V)
SetMagnetDAC 5.87570263158 ===>> OK
Magnet settling time: 2.097
Magnet settling started None
Magnet settling complete
set_dac. change=True
setting magnet DAC
current  : 5.875703
requested: 5.877282
Delta Dac: 0.001579
Checking detector protection. dv=0.00158
Checking detector "CDD". Protection Threshold: 0.8 (V)
SetMagnetDAC 5.87728157895 ===>> OK
Magnet settling time: 2.097
Magnet settling started None
Magnet settling complete
set_dac. change=True
setting magnet DAC
current  : 5.877282
requested: 5.878861
Delta Dac: 0.001579
Checking detector protection. dv=0.00158
Checking detector "CDD". Protection Threshold: 0.8 (V)
SetMagnetDAC 5.87886052632 ===>> OK
Magnet settling time: 2.097
Magnet settling started None
Magnet settling complete
set_dac. change=True
setting magnet DAC
current  : 5.878861
requested: 5.880439
Delta Dac: 0.001579
Checking detector protection. dv=0.00158
Checking detector "CDD". Protection Threshold: 0.8 (V)
SetMagnetDAC 5.88043947368 ===>> OK
Magnet settling time: 2.097
Magnet settling started None
Magnet settling complete
set_dac. change=True
setting magnet DAC
current  : 5.880439
requested: 5.882018
Delta Dac: 0.001579
Checking detector protection. dv=0.00158
Checking detector "CDD". Protection Threshold: 0.8 (V)
SetMagnetDAC 5.88201842105 ===>> OK
Magnet settling time: 2.097
Magnet settling started None
Magnet settling complete
set_dac. change=True
setting magnet DAC
current  : 5.882018
requested: 5.883597
Delta Dac: 0.001579
Checking detector protection. dv=0.00158
Checking detector "CDD". Protection Threshold: 0.8 (V)
SetMagnetDAC 5.88359736842 ===>> OK
Magnet settling time: 2.097
Magnet settling started None
Magnet settling complete
set_dac. change=True
setting magnet DAC
current  : 5.883597
requested: 5.885176
Delta Dac: 0.001579
Checking detector protection. dv=0.00158
Checking detector "CDD". Protection Threshold: 0.8 (V)
SetMagnetDAC 5.88517631579 ===>> OK
Magnet settling time: 2.097
Magnet settling started None
Magnet settling complete
set_dac. change=True
setting magnet DAC
current  : 5.885176
requested: 5.886755
Delta Dac: 0.001579
Checking detector protection. dv=0.00158
Checking detector "CDD". Protection Threshold: 0.8 (V)
SetMagnetDAC 5.88675526316 ===>> OK
Magnet settling time: 2.097
Magnet settling started None
Magnet settling complete
set_dac. change=True
setting magnet DAC
current  : 5.886755
requested: 5.888334
Delta Dac: 0.001579
Checking detector protection. dv=0.00158
Checking detector "CDD". Protection Threshold: 0.8 (V)
SetMagnetDAC 5.88833421053 ===>> OK
Magnet settling time: 2.097
Magnet settling started None
Magnet settling complete
set_dac. change=True
setting magnet DAC
current  : 5.888334
requested: 5.889913
Delta Dac: 0.001579
Checking detector protection. dv=0.00158
Checking detector "CDD". Protection Threshold: 0.8 (V)
SetMagnetDAC 5.88991315789 ===>> OK
Magnet settling time: 2.097
Magnet settling started None
Magnet settling complete
set_dac. change=True
setting magnet DAC
current  : 5.889913
requested: 5.891492
Delta Dac: 0.001579
Checking detector protection. dv=0.00158
Checking detector "CDD". Protection Threshold: 0.8 (V)
SetMagnetDAC 5.89149210526 ===>> OK
Magnet settling time: 2.097
Magnet settling started None
Magnet settling complete
set_dac. change=True
setting magnet DAC
current  : 5.891492
requested: 5.893071
Delta Dac: 0.001579
Checking detector protection. dv=0.00158
Checking detector "CDD". Protection Threshold: 0.8 (V)
SetMagnetDAC 5.89307105263 ===>> OK
Magnet settling time: 2.097
Magnet settling started None
Magnet settling complete
set_dac. change=True
setting magnet DAC
current  : 5.893071
requested: 5.894650
Delta Dac: 0.001579
Checking detector protection. dv=0.00158
Checking detector "CDD". Protection Threshold: 0.8 (V)
SetMagnetDAC 5.89465 ===>> OK
Magnet settling time: 2.097
Magnet settling started None
Magnet settling complete
set_dac. change=True
result of _do_sweep=True
result of _calculate_peak_center=([5.8723754509018047, 5.879800300601203, 5.8872251503006012], [496.93018444106326, 675.10593233981024, 500.5418505655316], 5.8772752505010031, 675.10593233981024)
Failed to find a valid peak. No peak greater than 1.0. max = 0.030080066016
new center pos Detector(H1) (Ar40) @ 5.8798003006
GetHighVoltage ===>> 4500
GetDeflection H1 ===>> 0
dac uncorrected for HV and deflection 5.8798003006
update mftable H1 Ar40 5.8798003006 message=automated run peakcenter
get initial guess parabolic
get initial guess parabolic
get initial guess parabolic
get initial guess parabolic
get initial guess parabolic
get initial guess parabolic
dump mftable to /Users/jan/PychronDev/setupfiles/spectrometer/mftables/mftable.csv
add to repo msg=modified - automated run peakcenter
sweep finished
locally archiving mftable
setting magnet DAC
current  : 5.894650
requested: 5.879800
Delta Dac: 0.014850
Checking detector protection. dv=0.01485
Checking detector "CDD". Protection Threshold: 0.8 (V)
SetMagnetDAC 5.8798003006 ===>> OK
Magnet settling time: 0.500
Magnet settling started None
Magnet settling complete
set_dac. change=True
Failed to find a valid peak. No peak greater than 1.0. max = 0.030080066016
flush and close file /Users/jan/PychronDev/data/isotopes/0c/1a04e7-c956-4751-bf0f-b8e82232cd88.h5
finished measure script
executed snippet estimated_duration=224.052928, duration=274.344945192
jan_unknown120_60.py completed successfully
Measurement Finished
13:57:15 -- ******* Measurement Finished *******
Post Measurement Started jan_pump_ms.py
13:57:15 -- ******* Post Measurement Started jan_pump_ms.py *******
testing...
no interpolation path defined
executed snippet estimated_duration=0, duration=2.50339508057e-05
Pumping spectrometer
open () {'name': 'O'}
open name=O desc=---
checking ownership. requestor=129.138.12.150
check software interlocks O
interlocks []
actuate state mode=None-script, software_lock=False
doing actuation None-script open_channel True
Open O ===>> OK
GetIndicatorState O ===>> OK
change switch state (True, True)
update switch state O True args=() kw={} ncanvase=2
13:57:15 -- OPEN   VALVE-O (Jan Ion Pump)
-------------------------- open O () result=[(True, True)]
action=open, ok=True, locked=[False]
executed snippet estimated_duration=0, duration=0.368311882019
jan_pump_ms.py completed successfully
setting _ms_pumptime
Post Measurement Finished
13:57:15 -- ******* Post Measurement Finished *******
$$$$$$$$$$$$$$$$$$$$ state at run end measurement
state changed from measurement to success
post measurement save measured=True aborted=False
Set filtering
setting fod for Ar40= {'filter_outliers': True, 'std_devs': 2, 'iterations': 1}
setting fod for H1= {'filter_outliers': True, 'std_devs': 2, 'iterations': 1}
setting fod for PM41= {'filter_outliers': False, 'std_devs': 2, 'iterations': 1}
setting fod for H2= {'filter_outliers': True, 'std_devs': 2, 'iterations': 1}
setting fod for Ar36= {'filter_outliers': True, 'std_devs': 2, 'iterations': 1}
setting fod for CDD= {'filter_outliers': True, 'std_devs': 10, 'iterations': 1}
setting fod for Ar37= {'filter_outliers': True, 'std_devs': 2, 'iterations': 1}
setting fod for L2= {'filter_outliers': True, 'std_devs': 2, 'iterations': 1}
setting fod for Ar38= {'filter_outliers': True, 'std_devs': 2, 'iterations': 1}
setting fod for L1= {'filter_outliers': True, 'std_devs': 2, 'iterations': 1}
setting fod for Ar39= {'filter_outliers': True, 'std_devs': 2, 'iterations': 1}
setting fod for AX= {'filter_outliers': True, 'std_devs': 2, 'iterations': 1}
persistence save...
persistence save - db
post measurement save
5197617104 connecting to database sqlite:////Users/jan/PychronDev/.appdata/local_lab.db
connected to db sqlite:////Users/jan/PychronDev/.appdata/local_lab.db
create new session 5197617104
close session 5197617104
No database instance. Not saving post measurement to isotopedb database
$$$$$$$$$$$$$$$ auto_save_detector_ic=False
massspec enabled True
create new session 5016510832
MassSpec Database Version: 16.0
close session 5016510832
saving post measurement to secondary database
saving to massspec database 129.138.12.160/massspecdata
setting labnumber to c-02-J
setting aliquot to 1604
setting step to 
setting uuid to 0c1a04e7-c956-4751-bf0f-b8e82232cd88
setting irradpos to c-02-J
setting extract_device to Fusions CO2
setting tray to 
setting position to 
setting power_requested to 0.0
setting extract_value to 0.0
setting duration to 0.0
setting duration_at_request to 0.0
setting first_stage_delay to 0.0
setting cleanup to 0.0
setting comment to 
setting irradiation to Cocktail-02
setting level to A
setting irradiation_level to A
setting sample to cocktail
setting material to Gas
setting project to REFERENCES
setting mass_spectrometer to Jan
no attribute chron_dosages
no attribute production_ratios
no attribute interference_corrections
no attribute production_name
no attribute j
Reference Isotope=Ar40
Reference Detector=H1
%%%%%%%%%%%%%%%%%%%% Comment:  %%%%%%%%%%%%%%%%%%%
adding isotope PM41 H2
add baseline dbdet= PM41. original det= H2
get baseline data PM41 H2
Get data baseline <pychron.processing.isotope.Baseline object at 0x13ddac6d0> len t=60
baseline PM41. v=-0.210929168632, e=0.00844426954305
get signal data PM41 H2
Get data signal PM41 0.11+/-0.07 len t=120
adding isotope Ar40 H1
add baseline dbdet= Ar40. original det= H1
get baseline data Ar40 H1
Get data baseline <pychron.processing.isotope.Baseline object at 0x13ddac790> len t=60
baseline Ar40. v=0.154180867855, e=0.00502256860675
get signal data Ar40 H1
Get data signal Ar40 737.36+/-0.05 len t=120
adding isotope Ar39 AX
add baseline dbdet= Ar39. original det= AX
get baseline data Ar39 AX
Get data baseline <pychron.processing.isotope.Baseline object at 0x13ddacc10> len t=60
baseline Ar39. v=-0.0773489263054, e=0.00612794702995
get signal data Ar39 AX
Get data signal Ar39 59.186+/-0.015 len t=120
adding isotope Ar38 L1
add baseline dbdet= Ar38. original det= L1
get baseline data Ar38 L1
Get data baseline <pychron.processing.isotope.Baseline object at 0x13ddacdd0> len t=60
baseline Ar38. v=-0.0223643072736, e=0.00307770043145
get signal data Ar38 L1
Get data signal Ar38 0.780+/-0.005 len t=120
adding isotope Ar37 L2
add baseline dbdet= Ar37. original det= L2
get baseline data Ar37 L2
Get data baseline <pychron.processing.isotope.Baseline object at 0x13ddacf90> len t=60
baseline Ar37. v=-0.0177517401883, e=0.00685696067528
get signal data Ar37 L2
Get data signal Ar37 0.048+/-0.010 len t=120
adding isotope Ar36 CDD
add baseline dbdet= Ar36. original det= CDD
get baseline data Ar36 CDD
Get data baseline <pychron.processing.isotope.Baseline object at 0x13ddbb190> len t=60
baseline Ar36. v=0.000128032472713, e=1.74755571942e-05
get signal data Ar36 CDD
Get data signal Ar36 0.02509+/-0.00035 len t=120
4416-1604 added analysis time 0.483715057373s
analysis added to mass spec database
mass spec save time= 0.494
persistence save - dvc
================= post measurement started
create new session 4969246160
close session 4969246160
---------------- Experiment Queue saving disabled
DVC saving peakcenter
Failed to find a valid peak. No peak greater than 1.0. max = 0.030080066016
Smart pull ahead: 0 behind: 0
Up-to-date with origin
add to repo msg=modified - ad8224ebc6dbfeb9f5997218dfa5fe690569839d.json
add to repo msg=modified - -J-1604.json
add to repo msg=modified - -J-1604.dat.json
add to repo msg=modified - -J-1604.blan.json
add to repo msg=modified - -J-1604.inte.json
add to repo msg=modified - -J-1604.icfa.json
add to repo msg=modified - -J-1604.base.json
not at valid file /Users/jan/PychronDev/data/.dvc/repositories/Load1800/c-02/tags/-J-1604.tags.json
add to repo msg=modified - -J-1604.peak.json
add to repo msg=modified - -J-1604.extr.json
not at valid file /Users/jan/PychronDev/data/.dvc/repositories/Load1800/c-02/monitor/-J-1604.moni.json
commit message=<COLLECTION>
add to repo msg=modified - -J-1604.inte.json
add to repo msg=modified - -J-1604.base.json
commit message=<ISOEVO> default collection fits
add to repo msg=modified - -J-1604.blan.json
commit message=<BLANKS> preceding 
add to repo msg=modified - -J-1604.icfa.json
commit message=<ICFactor> default
push repository <pychron.git_archive.repo_manager.GitRepoManager object at 0x135fcb050>
pushing to remote=origin, url=https://github.com
no changes to meta repo
create new session 4969246160
add association Load1800
get identifier "c-02-J"
setting analysis irradiation position=<pychron.dvc.dvc_orm.IrradiationPositionTbl object at 0x12d135bd0>
close session 4969246160
================= post measurement finished
13:57:27 -- ******* Post Run Check *******
loading queue conditionals post_run_actions
loading system conditionals post_run_actions
loading conditionals from /Users/jan/PychronDev/setupfiles/spectrometer/default_conditionals.yaml
loading queue conditionals post_run_terminations
loading system conditionals post_run_terminations
loading conditionals from /Users/jan/PychronDev/setupfiles/spectrometer/default_conditionals.yaml
Checking default post run terminations n=1
GetDeflection CDD ===>> 50
testing CDD==2000
evaluate ot="CDD.deflection==2000" t="CDD==2000", ctx="{'CDD': 50.0}"
13:57:27 -- ******* Post Run Check Passed *******
13:57:27 -- Automated run c-02-J-1604 success duration: 356.349 s
----------------- finish -----------------
----------------- stop -----------------
retroactive repository identifiers disabled
finish run. runs completed=2
update duration runid=c-02-J-1604, duration=356.349208117, md5=c594f137
loading script "jan_unknown400_120.py"
loading script "jan_pump_ms.py"
loading script "jan_sniffair_x2.py"
loading script "jan_pump_extraction_line.py"
testing...
no interpolation path defined
executed snippet estimated_duration=556.052928, duration=0.000331878662109
script duration name:unknown400_120 seconds:556.0
loading script "jan_unknown400_120.py"
loading script "jan_pump_ms.py"
loading script "jan_sniffair_x2.py"
loading script "jan_pump_extraction_line.py"
testing...
no interpolation path defined
executed snippet estimated_duration=0, duration=3.69548797607e-05
loading script "jan_unknown400_120.py"
loading script "jan_pump_ms.py"
loading script "jan_sniffair_x2.py"
loading script "jan_pump_extraction_line.py"
testing...
no interpolation path defined
calculate duration
testing...
no interpolation path defined
executed snippet estimated_duration=0, duration=5.19752502441e-05
calculate duration
testing...
no interpolation path defined
executed snippet estimated_duration=0, duration=0.000211954116821
calculate duration
testing...
no interpolation path defined
executed snippet estimated_duration=32.0, duration=0.000128030776978
calculate duration
testing...
no interpolation path defined
executed snippet estimated_duration=34.0, duration=8.70227813721e-05
calculate duration
testing...
no interpolation path defined
executed snippet estimated_duration=4.0, duration=7.82012939453e-05
calculate duration
testing...
no interpolation path defined
executed snippet estimated_duration=36.0, duration=8.70227813721e-05
calculate duration
testing...
no interpolation path defined
executed snippet estimated_duration=34.0, duration=9.48905944824e-05
calculate duration
testing...
no interpolation path defined
executed snippet estimated_duration=4.0, duration=6.38961791992e-05
calculate duration
testing...
no interpolation path defined
executed snippet estimated_duration=36.0, duration=8.41617584229e-05
calculate duration
testing...
no interpolation path defined
executed snippet estimated_duration=70.0, duration=0.000113964080811
executed snippet estimated_duration=250.0, duration=0.0341379642487
script duration name:sniffair_x2 seconds:250.0
loading script "jan_unknown400_120.py"
loading script "jan_pump_ms.py"
loading script "jan_sniffair_x2.py"
loading script "jan_pump_extraction_line.py"
testing...
no interpolation path defined
calculate duration
testing...
no interpolation path defined
executed snippet estimated_duration=4.0, duration=0.000154972076416
executed snippet estimated_duration=4.0, duration=0.00811290740967
Script duration 806.0
Run total estimated duration= 807.000
unknown400_120 in script context. using previous estimated duration
script duration name:unknown400_120 seconds:556.0
pump_ms in script context. using previous estimated duration
loading script "jan_unknown400_120.py"
loading script "jan_pump_ms.py"
loading script "jan_co2.py"
loading script "jan_pump_extraction_line.py"
testing...
no interpolation path defined
calculate duration
testing...
no interpolation path defined
executed snippet estimated_duration=0, duration=5.79357147217e-05
calculate duration
testing...
no interpolation path defined
executed snippet estimated_duration=0, duration=9.20295715332e-05
executed snippet estimated_duration=0.0, duration=0.00400400161743
script duration name:co2 seconds:0.0
pump_extraction_line in script context. using previous estimated duration
Script duration 556.0
Run total estimated duration= 557.000
loading script "jan_unknown400_120_no_center.py"
loading script "jan_pump_ms.py"
loading script "jan_co2.py"
loading script "jan_pump_extraction_line.py"
testing...
no interpolation path defined
executed snippet estimated_duration=539.8, duration=0.00019907951355
script duration name:unknown400_120_no_center seconds:540.0
co2 in script context. using previous estimated duration
script duration name:co2 seconds:0.0
Script duration 540.0
Run total estimated duration= 541.000
unknown400_120_no_center in script context. using previous estimated duration
script duration name:unknown400_120_no_center seconds:540.0
script duration name:co2 seconds:0.0
Script duration 540.0
Run total estimated duration= 541.000
script duration name:unknown400_120_no_center seconds:540.0
script duration name:co2 seconds:0.0
Script duration 540.0
Run total estimated duration= 541.000
script duration name:unknown400_120_no_center seconds:540.0
script duration name:co2 seconds:0.0
Script duration 540.0
Run total estimated duration= 541.000
script duration name:unknown400_120_no_center seconds:540.0
script duration name:co2 seconds:0.0
Script duration 540.0
Run total estimated duration= 541.000
script duration name:unknown400_120_no_center seconds:540.0
script duration name:co2 seconds:0.0
Script duration 540.0
Run total estimated duration= 541.000
script duration name:unknown400_120_no_center seconds:540.0
script duration name:co2 seconds:0.0
Script duration 540.0
Run total estimated duration= 541.000
script duration name:unknown400_120_no_center seconds:540.0
script duration name:co2 seconds:0.0
Script duration 540.0
Run total estimated duration= 541.000
script duration name:unknown400_120_no_center seconds:540.0
script duration name:co2 seconds:0.0
Script duration 540.0
Run total estimated duration= 541.000
script duration name:unknown400_120 seconds:556.0
script duration name:co2 seconds:0.0
Script duration 556.0
Run total estimated duration= 557.000
script duration name:unknown400_120 seconds:556.0
loading script "jan_unknown400_120.py"
loading script "jan_pump_ms.py"
loading script "jan_cocktail_x1.py"
loading script "jan_pump_extraction_line.py"
testing...
no interpolation path defined
calculate duration
testing...
no interpolation path defined
executed snippet estimated_duration=0, duration=4.41074371338e-05
calculate duration
testing...
no interpolation path defined
executed snippet estimated_duration=0, duration=9.29832458496e-05
calculate duration
testing...
no interpolation path defined
executed snippet estimated_duration=32.0, duration=0.000102996826172
calculate duration
testing...
no interpolation path defined
executed snippet estimated_duration=34.0, duration=8.60691070557e-05
calculate duration
testing...
no interpolation path defined
executed snippet estimated_duration=4.0, duration=6.60419464111e-05
calculate duration
testing...
no interpolation path defined
executed snippet estimated_duration=38.0, duration=8.60691070557e-05
executed snippet estimated_duration=108.0, duration=0.0180220603943
script duration name:cocktail_x1 seconds:108.0
Script duration 664.0
Run total estimated duration= 665.000
loading script "jan_unknown120_60.py"
loading script "jan_pump_ms.py"
loading script "jan_cocktail_x1.py"
loading script "jan_pump_extraction_line.py"
testing...
no interpolation path defined
executed snippet estimated_duration=213.652928, duration=0.000293016433716
script duration name:unknown120_60 seconds:214.0
cocktail_x1 in script context. using previous estimated duration
script duration name:cocktail_x1 seconds:108.0
Script duration 322.0
Run total estimated duration= 323.000
unknown120_60 in script context. using previous estimated duration
script duration name:unknown120_60 seconds:214.0
script duration name:cocktail_x1 seconds:108.0
Script duration 322.0
Run total estimated duration= 323.000
script duration name:unknown400_120 seconds:556.0
sniffair_x2 in script context. using previous estimated duration
script duration name:sniffair_x2 seconds:250.0
Script duration 806.0
Run total estimated duration= 807.000
script duration name:unknown400_120 seconds:556.0
script duration name:sniffair_x2 seconds:250.0
Script duration 806.0
Run total estimated duration= 807.000
script duration name:unknown400_120_no_center seconds:540.0
script duration name:co2 seconds:0.0
Script duration 540.0
Run total estimated duration= 541.000
script duration name:unknown400_120_no_center seconds:540.0
script duration name:co2 seconds:0.0
Script duration 540.0
Run total estimated duration= 541.000
script duration name:unknown400_120_no_center seconds:540.0
script duration name:co2 seconds:0.0
Script duration 540.0
Run total estimated duration= 541.000
script duration name:unknown400_120_no_center seconds:540.0
script duration name:co2 seconds:0.0
Script duration 540.0
Run total estimated duration= 541.000
script duration name:unknown400_120_no_center seconds:540.0
script duration name:co2 seconds:0.0
Script duration 540.0
Run total estimated duration= 541.000
script duration name:unknown400_120_no_center seconds:540.0
script duration name:co2 seconds:0.0
Script duration 540.0
Run total estimated duration= 541.000
script duration name:unknown400_120_no_center seconds:540.0
script duration name:co2 seconds:0.0
Script duration 540.0
Run total estimated duration= 541.000
script duration name:unknown400_120 seconds:556.0
script duration name:co2 seconds:0.0
Script duration 556.0
Run total estimated duration= 557.000
script duration name:unknown400_120_no_center seconds:540.0
script duration name:co2 seconds:0.0
Script duration 540.0
Run total estimated duration= 541.000
script duration name:unknown400_120_no_center seconds:540.0
script duration name:co2 seconds:0.0
Script duration 540.0
Run total estimated duration= 541.000
script duration name:unknown400_120_no_center seconds:540.0
script duration name:co2 seconds:0.0
Script duration 540.0
Run total estimated duration= 541.000
script duration name:unknown400_120_no_center seconds:540.0
script duration name:co2 seconds:0.0
Script duration 540.0
Run total estimated duration= 541.000
script duration name:unknown400_120_no_center seconds:540.0
script duration name:co2 seconds:0.0
Script duration 540.0
Run total estimated duration= 541.000
script duration name:unknown400_120_no_center seconds:540.0
script duration name:co2 seconds:0.0
Script duration 540.0
Run total estimated duration= 541.000
script duration name:unknown400_120 seconds:556.0
script duration name:co2 seconds:0.0
Script duration 556.0
Run total estimated duration= 557.000
script duration name:unknown400_120 seconds:556.0
script duration name:sniffair_x2 seconds:250.0
Script duration 806.0
Run total estimated duration= 807.000
script duration name:unknown400_120_no_center seconds:540.0
script duration name:co2 seconds:0.0
Script duration 540.0
Run total estimated duration= 541.000
script duration name:unknown400_120_no_center seconds:540.0
script duration name:co2 seconds:0.0
Script duration 540.0
Run total estimated duration= 541.000
script duration name:unknown400_120_no_center seconds:540.0
script duration name:co2 seconds:0.0
Script duration 540.0
Run total estimated duration= 541.000
script duration name:unknown400_120_no_center seconds:540.0
script duration name:co2 seconds:0.0
Script duration 540.0
Run total estimated duration= 541.000
script duration name:unknown400_120_no_center seconds:540.0
script duration name:co2 seconds:0.0
Script duration 540.0
Run total estimated duration= 541.000
script duration name:unknown400_120_no_center seconds:540.0
script duration name:co2 seconds:0.0
Script duration 540.0
Run total estimated duration= 541.000
script duration name:unknown400_120 seconds:556.0
script duration name:co2 seconds:0.0
Script duration 556.0
Run total estimated duration= 557.000
script duration name:unknown120_60 seconds:214.0
script duration name:cocktail_x1 seconds:108.0
Script duration 322.0
Run total estimated duration= 323.000
script duration name:unknown120_60 seconds:214.0
script duration name:cocktail_x1 seconds:108.0
Script duration 322.0
Run total estimated duration= 323.000
script duration name:unknown400_120 seconds:556.0
script duration name:co2 seconds:0.0
Script duration 556.0
Run total estimated duration= 557.000
script duration name:unknown400_120_no_center seconds:540.0
script duration name:co2 seconds:0.0
Script duration 540.0
Run total estimated duration= 541.000
script duration name:unknown400_120_no_center seconds:540.0
script duration name:co2 seconds:0.0
Script duration 540.0
Run total estimated duration= 541.000
script duration name:unknown400_120_no_center seconds:540.0
script duration name:co2 seconds:0.0
Script duration 540.0
Run total estimated duration= 541.000
script duration name:unknown400_120_no_center seconds:540.0
script duration name:co2 seconds:0.0
Script duration 540.0
Run total estimated duration= 541.000
script duration name:unknown400_120_no_center seconds:540.0
script duration name:co2 seconds:0.0
Script duration 540.0
Run total estimated duration= 541.000
script duration name:unknown400_120_no_center seconds:540.0
script duration name:co2 seconds:0.0
Script duration 540.0
Run total estimated duration= 541.000
script duration name:unknown400_120_no_center seconds:540.0
script duration name:co2 seconds:0.0
Script duration 540.0
Run total estimated duration= 541.000
script duration name:unknown400_120 seconds:556.0
script duration name:co2 seconds:0.0
Script duration 556.0
Run total estimated duration= 557.000
script duration name:unknown400_120 seconds:556.0
script duration name:sniffair_x2 seconds:250.0
Script duration 806.0
Run total estimated duration= 807.000
script duration name:unknown400_120_no_center seconds:540.0
script duration name:co2 seconds:0.0
Script duration 540.0
Run total estimated duration= 541.000
script duration name:unknown400_120_no_center seconds:540.0
script duration name:co2 seconds:0.0
Script duration 540.0
Run total estimated duration= 541.000
script duration name:unknown400_120_no_center seconds:540.0
script duration name:co2 seconds:0.0
Script duration 540.0
Run total estimated duration= 541.000
script duration name:unknown400_120_no_center seconds:540.0
script duration name:co2 seconds:0.0
Script duration 540.0
Run total estimated duration= 541.000
script duration name:unknown400_120_no_center seconds:540.0
script duration name:co2 seconds:0.0
Script duration 540.0
Run total estimated duration= 541.000
script duration name:unknown400_120 seconds:556.0
script duration name:co2 seconds:0.0
Script duration 556.0
Run total estimated duration= 557.000
script duration name:unknown400_120 seconds:556.0
script duration name:cocktail_x1 seconds:108.0
Script duration 664.0
Run total estimated duration= 665.000
script duration name:unknown120_60 seconds:214.0
script duration name:cocktail_x1 seconds:108.0
Script duration 322.0
Run total estimated duration= 323.000
script duration name:unknown120_60 seconds:214.0
script duration name:cocktail_x1 seconds:108.0
Script duration 322.0
Run total estimated duration= 323.000
script duration name:unknown400_120 seconds:556.0
script duration name:sniffair_x2 seconds:250.0
Script duration 806.0
Run total estimated duration= 807.000
script duration name:unknown400_120 seconds:556.0
script duration name:sniffair_x2 seconds:250.0
Script duration 806.0
Run total estimated duration= 807.000
script duration name:unknown400_120 seconds:556.0
script duration name:sniffair_x2 seconds:250.0
Script duration 806.0
Run total estimated duration= 807.000
nruns=64 before=5.0, run_dur=35820.0, btw=2835.0
write rem/ex queues
/Users/jan/PychronDev/experiments/rem/Load1800.rem.txt
/Users/jan/PychronDev/experiments/rem/Load1800.ex.txt
doing event level: 3
